info it worked if it ends with ok
verbose cli [ 'node',
verbose cli   '/usr/local/bin/npm',
verbose cli   'install',
verbose cli   'formidable' ]
info using npm@1.0.10
info using node@v0.5.0-pre
verbose config file /Users/user/.npmrc
verbose config file /usr/local/etc/npmrc
verbose into /Users/user/butu/github/manoj/testapp [ 'formidable' ]
verbose cache add [ 'formidable', null ]
info addNamed [ 'formidable', '' ]
verbose addNamed [ null, '' ]
verbose GET formidable
verbose raw, before any munging formidable
verbose url resolving [ 'http://registry.npmjs.org/', './formidable' ]
verbose url resolved http://registry.npmjs.org/formidable
verbose url parsed { protocol: 'http:',
verbose url parsed   slashes: true,
verbose url parsed   host: 'registry.npmjs.org',
verbose url parsed   hostname: 'registry.npmjs.org',
verbose url parsed   href: 'http://registry.npmjs.org/formidable',
verbose url parsed   pathname: '/formidable' }
verbose etag "27V759E4DEZJ1V88NQ8GUT3NP"
verbose response http://registry.npmjs.org/formidable
silly chunk Internal routing error
silly chunk 
silly chunk Sorry, we cannot connect to the intended server.
silly chunk 
silly chunk We have just been notified of this problem. We will correct it as soon as possible.
silly chunk 
silly chunk Feel free to contact us if you have any questions: support@iriscouch.com
silly chunk 
verbose bad json Internal routing error
verbose bad json 
verbose bad json Sorry, we cannot connect to the intended server.
verbose bad json 
verbose bad json We have just been notified of this problem. We will correct it as soon as possible.
verbose bad json 
verbose bad json Feel free to contact us if you have any questions: support@iriscouch.com
verbose bad json 
ERR! registry error parsing json
silly get cb [ 500,
silly get cb   { 'content-type': 'text/plain',
silly get cb     'content-length': '239' } ]
ERR! SyntaxError: Unexpected token ILLEGAL
ERR! Internal routing error
ERR! 
ERR! Sorry, we cannot connect to the intended server.
ERR! 
ERR! We have just been notified of this problem. We will correct it as soon as possible.
ERR! 
ERR! Feel free to contact us if you have any questions: support@iriscouch.com
ERR!     at Object.parse (native)
ERR!     at IncomingMessage.<anonymous> (/usr/local/lib/node_modules/npm/lib/utils/npm-registry-client/request.js:157:25)
ERR!     at IncomingMessage.emit (events.js:81:20)
ERR!     at HTTPParser.onMessageComplete (http.js:133:23)
ERR!     at Socket.ondata (http.js:1228:22)
ERR!     at Socket._onReadable (net.js:684:27)
ERR!     at IOWatcher.onReadable (net.js:177:10)
ERR! Report this *entire* log at:
ERR!     <http://github.com/isaacs/npm/issues>
ERR! or email it to:
ERR!     <npm-@googlegroups.com>
ERR! 
ERR! System Darwin 10.6.0
ERR! command "node" "/usr/local/bin/npm" "install" "formidable"
verbose exit [ 1, true ]
